SF:lib/data/datasources/season_remote_data_source.dart
DA:20,1
DA:22,1
DA:25,4
DA:27,2
DA:28,4
DA:30,1
DA:34,1
DA:39,1
DA:40,3
DA:42,2
DA:43,3
DA:45,1
LF:12
LH:12
end_of_record
SF:lib/data/models/season_detail_model.dart
DA:6,3
DA:26,1
DA:27,1
DA:28,1
DA:29,2
DA:30,1
DA:31,1
DA:32,4
DA:34,1
DA:35,1
DA:36,1
DA:37,1
DA:38,1
DA:41,2
DA:42,1
DA:44,13
DA:45,5
DA:46,1
DA:47,1
DA:48,1
DA:49,1
DA:50,1
DA:53,2
DA:54,2
DA:55,2
DA:56,2
DA:57,10
DA:58,2
DA:59,2
DA:60,2
DA:61,2
DA:62,2
DA:66,1
DA:67,1
DA:68,1
DA:69,1
DA:70,1
DA:71,1
DA:72,1
DA:73,1
DA:74,1
DA:75,1
LF:42
LH:42
end_of_record
SF:lib/data/models/season_response.dart
DA:7,2
DA:9,2
DA:10,1
DA:11,4
DA:14,1
DA:15,6
DA:17,1
DA:18,2
LF:8
LH:8
end_of_record
SF:lib/data/models/season_model.dart
DA:5,4
DA:25,2
DA:27,3
DA:28,1
DA:29,1
DA:30,1
DA:31,1
DA:32,1
DA:33,1
DA:34,1
DA:37,4
DA:39,26
DA:40,2
DA:41,2
DA:42,2
DA:43,2
DA:44,2
DA:45,2
DA:46,2
DA:49,2
DA:50,2
DA:51,2
DA:52,2
DA:53,2
DA:54,2
DA:55,2
DA:56,2
DA:57,2
DA:58,2
DA:62,1
DA:63,1
DA:64,1
DA:65,1
DA:66,1
DA:67,1
DA:68,1
DA:69,1
DA:70,1
DA:71,1
LF:39
LH:39
end_of_record
SF:lib/domain/entities/season.dart
DA:4,4
DA:24,3
DA:25,3
DA:26,3
DA:27,3
DA:28,3
DA:29,3
DA:30,3
DA:31,3
DA:32,3
DA:33,3
LF:11
LH:11
end_of_record
SF:lib/domain/entities/season_detail.dart
DA:5,5
DA:25,3
DA:26,3
DA:27,3
DA:28,3
DA:29,3
DA:30,3
DA:31,3
DA:32,3
DA:33,3
DA:34,3
LF:11
LH:11
end_of_record
SF:lib/data/models/episode_model.dart
DA:5,4
DA:39,2
DA:40,2
DA:41,1
DA:42,1
DA:43,1
DA:44,1
DA:45,1
DA:46,1
DA:47,1
DA:48,1
DA:49,1
DA:50,1
DA:51,2
DA:52,1
DA:53,1
DA:54,1
DA:57,4
DA:59,26
DA:60,2
DA:61,2
DA:62,2
DA:63,2
DA:64,2
DA:65,2
DA:66,2
DA:67,2
DA:68,2
DA:69,2
DA:70,2
DA:71,2
DA:72,2
DA:73,2
DA:76,3
DA:77,3
DA:78,3
DA:79,3
DA:80,3
DA:81,3
DA:82,3
DA:83,3
DA:84,3
DA:85,3
DA:86,3
DA:87,3
DA:88,3
DA:89,3
DA:90,3
DA:91,3
DA:92,3
DA:96,1
DA:97,1
DA:98,1
DA:99,1
DA:100,1
DA:101,1
DA:102,1
DA:103,1
DA:104,1
DA:105,1
DA:106,1
DA:107,1
DA:108,1
DA:109,1
DA:110,1
DA:111,1
DA:112,1
LF:67
LH:67
end_of_record
SF:lib/domain/entities/episode.dart
DA:4,6
DA:38,4
DA:39,4
DA:40,4
DA:41,4
DA:42,4
DA:43,4
DA:44,4
DA:45,4
DA:46,4
DA:47,4
DA:48,4
DA:49,4
DA:50,4
DA:51,4
DA:52,4
DA:53,4
DA:54,4
LF:18
LH:18
end_of_record
SF:lib/data/repositories/season_repository_impl.dart
DA:13,1
DA:15,1
DA:18,2
DA:19,5
DA:20,1
DA:22,1
DA:27,1
DA:33,2
DA:37,2
DA:38,1
DA:40,1
LF:11
LH:11
end_of_record
SF:lib/domain/usecases/get_season.dart
DA:9,1
DA:11,1
DA:12,2
LF:3
LH:3
end_of_record
SF:lib/domain/usecases/get_season_detail.dart
DA:9,1
DA:11,1
DA:15,2
LF:3
LH:3
end_of_record
SF:lib/presentation/bloc/list/season_state.dart
DA:4,4
DA:6,1
DA:7,1
DA:17,3
DA:19,1
DA:20,2
DA:26,2
DA:28,1
DA:29,2
LF:9
LH:9
end_of_record
SF:lib/presentation/bloc/list/season_bloc.dart
DA:12,3
DA:13,1
DA:14,1
DA:15,1
DA:17,2
DA:19,2
DA:21,1
DA:22,1
DA:23,3
DA:25,1
DA:26,1
DA:27,2
DA:29,2
LF:13
LH:13
end_of_record
SF:lib/presentation/bloc/list/season_event.dart
DA:6,2
DA:8,1
DA:9,2
LF:3
LH:3
end_of_record
SF:lib/helpers/DetailArguments.dart
DA:5,1
LF:1
LH:1
end_of_record
SF:lib/presentation/pages/season_list_page.dart
DA:11,1
DA:13,1
DA:14,1
DA:18,1
DA:20,1
DA:21,2
DA:22,6
DA:23,1
DA:24,1
DA:25,4
DA:29,1
DA:31,1
DA:32,1
DA:33,1
DA:34,1
DA:35,1
DA:39,1
DA:40,1
DA:41,2
DA:53,1
DA:55,1
DA:56,1
DA:57,1
DA:61,1
DA:62,1
DA:63,1
DA:64,2
DA:65,1
DA:67,2
DA:70,2
DA:72,1
DA:73,1
DA:75,2
DA:78,1
LF:34
LH:34
end_of_record
SF:lib/presentation/widgets/season_card.dart
DA:15,1
DA:17,1
DA:19,1
DA:21,1
DA:22,0
DA:23,0
DA:26,0
DA:29,1
DA:31,1
DA:32,1
DA:33,1
DA:39,3
DA:40,1
DA:42,1
DA:43,1
DA:44,2
DA:47,1
DA:50,1
DA:52,1
DA:53,1
DA:55,1
DA:56,1
DA:59,1
DA:65,4
DA:69,1
DA:70,3
DA:76,1
DA:77,2
DA:85,1
DA:90,1
DA:92,1
DA:93,3
DA:95,1
DA:98,0
LF:34
LH:30
end_of_record
SF:lib/presentation/bloc/detail/season_detail_event.dart
DA:7,2
DA:9,1
DA:10,3
LF:3
LH:3
end_of_record
SF:lib/presentation/bloc/detail/season_detail_bloc.dart
DA:12,3
DA:13,1
DA:14,1
DA:15,1
DA:16,1
DA:18,2
DA:20,2
DA:22,1
DA:23,4
DA:24,1
DA:25,2
LF:11
LH:11
end_of_record
SF:lib/presentation/bloc/detail/season_detail_state.dart
DA:4,4
DA:6,1
DA:7,1
DA:17,3
DA:19,1
DA:20,2
DA:26,2
DA:28,1
DA:29,2
LF:9
LH:9
end_of_record
SF:lib/presentation/pages/season_detail_page.dart
DA:11,1
DA:17,1
DA:18,1
DA:22,1
DA:24,1
DA:25,2
DA:26,1
DA:27,1
DA:28,6
DA:32,1
DA:34,1
DA:35,1
DA:36,1
DA:37,1
DA:38,1
DA:40,1
DA:41,3
DA:48,1
DA:50,1
DA:51,1
DA:52,1
DA:56,1
DA:57,1
DA:58,1
DA:59,3
DA:60,1
DA:62,2
DA:65,3
DA:67,1
DA:68,1
DA:69,1
DA:70,1
DA:75,1
LF:33
LH:33
end_of_record
SF:lib/presentation/widgets/episode_card.dart
DA:13,1
DA:19,1
DA:21,1
DA:23,1
DA:25,1
DA:26,1
DA:27,1
DA:33,3
DA:34,1
DA:36,1
DA:37,1
DA:38,2
DA:41,1
DA:44,1
DA:46,1
DA:47,1
DA:50,1
DA:56,4
DA:60,1
DA:61,2
DA:69,1
DA:74,1
DA:76,1
DA:77,2
DA:79,1
DA:82,0
LF:26
LH:25
end_of_record
