SF:./movie/lib/data/datasources/local/movie_local_data_source.dart
DA:15,1
DA:17,1
DA:20,2
DA:23,2
DA:27,1
DA:30,2
DA:33,2
DA:37,1
DA:39,2
DA:41,1
DA:47,1
DA:49,2
DA:50,4
LF:13
LH:13
end_of_record
SF:./movie/lib/data/models/movie_table.dart
DA:11,15
DA:18,2
DA:19,1
DA:20,1
DA:21,1
DA:22,1
DA:25,2
DA:26,1
DA:27,1
DA:28,1
DA:29,1
DA:32,2
DA:33,1
DA:34,1
DA:35,1
DA:36,1
DA:39,2
DA:40,1
DA:41,1
DA:42,1
DA:43,1
DA:46,2
DA:48,10
LF:23
LH:23
end_of_record
SF:./movie/lib/domain/entities/movie.dart
DA:4,12
DA:20,2
DA:41,8
DA:42,8
DA:43,8
DA:44,8
DA:45,8
DA:46,8
DA:47,8
DA:48,8
DA:49,8
DA:50,8
DA:51,8
DA:52,8
DA:53,8
DA:54,8
DA:55,8
LF:17
LH:17
end_of_record
SF:./movie/lib/domain/entities/movie_detail.dart
DA:5,13
DA:33,2
DA:34,2
DA:35,2
DA:36,2
DA:37,2
DA:38,2
DA:39,2
DA:40,2
DA:41,2
DA:42,2
DA:43,2
DA:44,2
DA:45,2
LF:14
LH:14
end_of_record
SF:./movie/lib/data/datasources/remote/movie_remote_data_source.dart
DA:24,1
DA:26,1
DA:29,3
DA:31,2
DA:32,4
DA:34,1
DA:38,1
DA:41,4
DA:43,2
DA:44,3
DA:46,1
DA:50,1
DA:52,1
DA:53,3
DA:55,2
DA:56,4
DA:58,1
DA:62,1
DA:65,3
DA:67,2
DA:68,4
DA:70,1
DA:74,1
DA:77,3
DA:79,2
DA:80,4
DA:82,1
DA:86,1
DA:88,1
DA:89,3
DA:91,2
DA:92,4
DA:94,1
LF:33
LH:33
end_of_record
SF:./movie/lib/data/models/movie_detail_model.dart
DA:6,3
DA:52,1
DA:53,1
DA:54,1
DA:55,1
DA:56,1
DA:57,1
DA:58,4
DA:59,1
DA:60,1
DA:61,1
DA:62,1
DA:63,1
DA:64,1
DA:65,2
DA:66,1
DA:67,1
DA:68,1
DA:69,1
DA:70,1
DA:71,1
DA:72,1
DA:73,1
DA:74,2
DA:75,1
DA:78,2
DA:79,1
DA:80,1
DA:81,1
DA:82,5
DA:83,1
DA:84,1
DA:85,1
DA:86,1
DA:87,1
DA:88,1
DA:89,1
DA:90,1
DA:91,1
DA:92,1
DA:93,1
DA:94,1
DA:95,1
DA:96,1
DA:97,1
DA:98,1
DA:99,1
DA:102,1
DA:103,1
DA:104,1
DA:105,1
DA:106,5
DA:107,1
DA:108,1
DA:109,1
DA:110,1
DA:111,1
DA:112,1
DA:113,1
DA:114,1
DA:115,1
DA:119,1
DA:121,1
DA:122,1
DA:123,1
DA:124,1
DA:125,1
DA:126,1
DA:127,1
DA:128,1
DA:129,1
DA:130,1
DA:131,1
DA:132,1
DA:133,1
DA:134,1
DA:135,1
DA:136,1
DA:137,1
DA:138,1
DA:139,1
DA:140,1
DA:141,1
DA:142,1
LF:84
LH:84
end_of_record
SF:./movie/lib/data/models/movie_model.dart
DA:5,5
DA:35,4
DA:36,2
DA:37,2
DA:38,8
DA:39,2
DA:40,2
DA:41,2
DA:42,4
DA:43,2
DA:44,2
DA:45,2
DA:46,2
DA:47,4
DA:48,2
DA:51,2
DA:52,1
DA:53,1
DA:54,4
DA:55,1
DA:56,1
DA:57,1
DA:58,1
DA:59,1
DA:60,1
DA:61,1
DA:62,1
DA:63,1
DA:64,1
DA:67,2
DA:68,2
DA:69,2
DA:70,2
DA:71,2
DA:72,2
DA:73,2
DA:74,2
DA:75,2
DA:76,2
DA:77,2
DA:78,2
DA:79,2
DA:80,2
DA:81,2
DA:85,2
DA:86,2
DA:87,2
DA:88,2
DA:89,2
DA:90,2
DA:91,2
DA:92,2
DA:93,2
DA:94,2
DA:95,2
DA:96,2
DA:97,2
DA:98,2
DA:99,2
LF:59
LH:59
end_of_record
SF:./movie/lib/data/models/movie_response.dart
DA:8,3
DA:10,4
DA:11,4
DA:12,6
DA:13,6
DA:16,2
DA:17,5
DA:20,1
DA:21,2
LF:9
LH:9
end_of_record
SF:./movie/lib/data/repositories/movie_repository_impl.dart
DA:17,1
DA:22,1
DA:25,2
DA:26,5
DA:27,1
DA:29,1
DA:34,1
DA:37,2
DA:38,2
DA:39,1
DA:41,1
DA:46,1
DA:49,2
DA:50,3
DA:51,1
DA:53,1
DA:58,1
DA:61,2
DA:62,5
DA:63,1
DA:65,1
DA:70,1
DA:73,2
DA:74,5
DA:75,1
DA:77,1
DA:82,1
DA:85,2
DA:86,5
DA:87,1
DA:89,1
DA:94,1
DA:98,3
DA:99,1
DA:100,1
DA:101,3
DA:107,1
DA:111,3
DA:112,1
DA:113,1
DA:114,3
DA:118,1
DA:120,2
DA:124,1
DA:126,2
DA:127,5
LF:46
LH:46
end_of_record
SF:./movie/lib/domain/usecases/get_top_rated_movies.dart
DA:9,1
DA:11,1
DA:12,2
LF:3
LH:3
end_of_record
SF:./movie/lib/domain/usecases/save_watchlist.dart
DA:9,1
DA:11,1
DA:12,2
LF:3
LH:3
end_of_record
SF:./movie/lib/domain/usecases/get_movie_recommendations.dart
DA:9,1
DA:11,1
DA:12,2
LF:3
LH:3
end_of_record
SF:./movie/lib/domain/usecases/get_watchlist_movies.dart
DA:9,1
DA:11,1
DA:12,2
LF:3
LH:3
end_of_record
SF:./movie/lib/domain/usecases/get_movie_detail.dart
DA:9,1
DA:11,1
DA:12,2
LF:3
LH:3
end_of_record
SF:./movie/lib/domain/usecases/get_now_playing_movies.dart
DA:9,1
DA:11,1
DA:12,2
LF:3
LH:3
end_of_record
SF:./movie/lib/domain/usecases/remove_watchlist.dart
DA:9,1
DA:11,1
DA:12,2
LF:3
LH:3
end_of_record
SF:./movie/lib/domain/usecases/get_popular_movies.dart
DA:9,1
DA:11,1
DA:12,2
LF:3
LH:3
end_of_record
SF:./movie/lib/domain/usecases/search_movies.dart
DA:9,1
DA:11,1
DA:12,2
LF:3
LH:3
end_of_record
SF:./movie/lib/domain/usecases/get_watchlist_status.dart
DA:6,1
DA:8,1
DA:9,2
LF:3
LH:3
end_of_record
SF:./movie/lib/presentation/bloc/top-rated/top_rated_movies_bloc.dart
DA:13,3
DA:14,1
DA:15,1
DA:16,2
DA:18,2
DA:20,1
DA:21,1
DA:22,3
DA:24,1
DA:25,2
LF:10
LH:10
end_of_record
SF:./movie/lib/presentation/bloc/top-rated/top_rated_movies_event.dart
DA:4,2
LF:1
LH:1
end_of_record
SF:./movie/lib/presentation/bloc/top-rated/top_rated_movies_state.dart
DA:4,4
DA:6,1
DA:7,1
DA:17,3
DA:19,1
DA:20,2
DA:26,2
DA:28,1
DA:29,2
LF:9
LH:9
end_of_record
SF:./movie/lib/presentation/pages/top_rated_movies_page.dart
DA:9,1
DA:11,1
DA:12,1
DA:16,1
DA:18,1
DA:19,1
DA:20,5
DA:23,1
DA:25,1
DA:26,1
DA:29,1
DA:31,1
DA:32,1
DA:33,1
DA:37,1
DA:38,1
DA:39,1
DA:40,2
DA:41,1
DA:43,2
DA:45,1
DA:46,1
DA:48,2
LF:23
LH:23
end_of_record
SF:./movie/lib/presentation/widgets/movie_card_list.dart
DA:11,3
DA:13,3
DA:15,3
DA:17,3
DA:18,0
DA:19,0
DA:22,0
DA:25,3
DA:27,3
DA:28,3
DA:29,3
DA:35,3
DA:37,3
DA:38,3
DA:39,6
DA:42,3
DA:45,3
DA:46,6
DA:54,3
DA:59,3
DA:61,3
DA:62,9
DA:64,3
DA:67,0
LF:24
LH:20
end_of_record
SF:./movie/lib/presentation/bloc/popular/popular_movies_state.dart
DA:4,4
DA:6,1
DA:7,1
DA:17,3
DA:19,1
DA:20,2
DA:26,2
DA:28,1
DA:29,2
LF:9
LH:9
end_of_record
SF:./movie/lib/presentation/bloc/popular/popular_movies_bloc.dart
DA:12,3
DA:13,1
DA:14,1
DA:15,2
DA:17,2
DA:19,1
DA:20,1
DA:21,3
DA:23,1
DA:24,1
DA:25,2
DA:27,2
LF:12
LH:12
end_of_record
SF:./movie/lib/presentation/bloc/popular/popular_movies_event.dart
DA:4,2
LF:1
LH:1
end_of_record
SF:./movie/lib/presentation/pages/popular_movies_page.dart
DA:9,1
DA:11,1
DA:12,1
DA:16,1
DA:18,1
DA:19,1
DA:20,5
DA:23,1
DA:25,1
DA:26,1
DA:29,1
DA:31,1
DA:32,1
DA:33,1
DA:37,1
DA:38,1
DA:39,1
DA:40,2
DA:41,1
DA:43,2
DA:45,1
DA:50,1
DA:51,1
DA:53,2
DA:56,1
LF:25
LH:25
end_of_record
SF:./movie/lib/presentation/bloc/detail/movie_detail_state.dart
DA:4,3
DA:6,1
DA:7,1
DA:17,3
DA:19,1
DA:20,2
DA:26,3
DA:28,1
DA:29,2
LF:9
LH:9
end_of_record
SF:./movie/lib/presentation/bloc/detail/movie_detail_event.dart
DA:5,2
DA:7,1
DA:8,2
LF:3
LH:3
end_of_record
SF:./movie/lib/presentation/bloc/detail/movie_detail_bloc.dart
DA:12,3
DA:13,1
DA:14,1
DA:15,1
DA:17,2
DA:19,2
DA:21,1
DA:22,1
DA:23,3
DA:25,1
DA:26,2
LF:11
LH:11
end_of_record
SF:./movie/lib/presentation/bloc/recommendation/movie_recommendation_state.dart
DA:4,4
DA:6,1
DA:7,1
DA:17,3
DA:19,1
DA:20,2
DA:26,2
DA:28,1
DA:29,2
LF:9
LH:9
end_of_record
SF:./movie/lib/presentation/bloc/recommendation/movie_recommendation_event.dart
DA:5,2
DA:7,1
DA:8,2
LF:3
LH:3
end_of_record
SF:./movie/lib/presentation/bloc/recommendation/movie_recommendation_bloc.dart
DA:13,1
DA:14,2
DA:15,2
DA:16,1
DA:18,2
DA:20,2
DA:22,1
DA:23,1
DA:24,3
DA:26,1
DA:27,2
LF:11
LH:11
end_of_record
SF:./movie/lib/presentation/bloc/watchlist/watchlist_movies_bloc.dart
DA:20,1
DA:25,2
DA:26,1
DA:27,1
DA:28,2
DA:30,2
DA:32,1
DA:33,1
DA:34,3
DA:36,1
DA:37,1
DA:38,2
DA:40,2
DA:47,1
DA:48,1
DA:49,2
DA:51,3
DA:53,1
DA:54,1
DA:55,3
DA:57,1
DA:58,2
DA:62,4
DA:66,1
DA:67,1
DA:68,2
DA:70,3
DA:72,1
DA:73,1
DA:74,3
DA:76,1
DA:77,2
DA:81,4
DA:85,1
DA:86,1
DA:87,3
DA:88,2
LF:37
LH:37
end_of_record
SF:./movie/lib/presentation/bloc/watchlist/watchlist_movies_state.dart
DA:4,3
DA:6,1
DA:7,1
DA:17,3
DA:19,1
DA:20,2
DA:26,1
DA:28,1
DA:29,2
DA:35,3
DA:37,1
DA:38,2
DA:44,3
DA:46,1
DA:47,2
LF:15
LH:15
end_of_record
SF:./movie/lib/presentation/bloc/watchlist/watchlist_movies_event.dart
DA:6,1
DA:7,1
DA:13,2
DA:15,1
DA:16,2
DA:22,1
DA:24,1
DA:25,2
DA:31,2
DA:33,1
DA:34,2
LF:11
LH:11
end_of_record
SF:./movie/lib/presentation/pages/movie_detail_page.dart
DA:18,1
DA:20,1
DA:21,1
DA:25,1
DA:27,1
DA:28,2
DA:29,6
DA:30,6
DA:31,1
DA:32,1
DA:33,4
DA:37,1
DA:39,1
DA:40,1
DA:41,1
DA:42,1
DA:46,1
DA:47,1
DA:48,2
DA:50,1
DA:51,2
DA:64,1
DA:66,1
DA:68,3
DA:69,1
DA:70,1
DA:71,1
DA:72,3
DA:74,1
DA:77,0
DA:79,1
DA:81,1
DA:82,1
DA:83,1
DA:93,1
DA:94,1
DA:95,1
DA:97,1
DA:99,1
DA:101,1
DA:102,1
DA:103,2
DA:104,1
DA:106,1
DA:108,1
DA:109,1
DA:110,2
DA:111,3
DA:112,1
DA:113,1
DA:115,1
DA:116,1
DA:117,2
DA:123,1
DA:124,1
DA:125,1
DA:126,1
DA:127,1
DA:129,0
DA:130,0
DA:133,1
DA:134,3
DA:138,1
DA:140,1
DA:141,1
DA:142,1
DA:143,1
DA:145,1
DA:146,1
DA:152,1
DA:153,3
DA:155,1
DA:156,3
DA:158,1
DA:159,1
DA:160,1
DA:161,3
DA:163,1
DA:169,4
DA:173,1
DA:175,1
DA:177,1
DA:178,2
DA:181,1
DA:183,1
DA:185,1
DA:187,1
DA:188,1
DA:193,1
DA:194,1
DA:196,1
DA:198,1
DA:199,2
DA:200,1
DA:202,1
DA:203,0
DA:204,0
DA:207,0
DA:210,1
DA:215,1
DA:217,2
DA:218,1
DA:224,0
DA:231,2
DA:234,1
DA:235,1
DA:236,2
DA:239,1
DA:249,1
DA:251,1
DA:266,1
DA:268,1
DA:271,1
DA:273,0
DA:274,0
DA:283,1
DA:285,2
DA:286,3
DA:289,1
DA:293,3
LF:120
LH:111
end_of_record
SF:./movie/lib/presentation/bloc/now-playing/now_playing_movies_state.dart
DA:4,2
DA:6,1
DA:7,1
DA:17,2
DA:19,1
DA:20,2
DA:26,1
DA:28,1
DA:29,2
LF:9
LH:9
end_of_record
SF:./movie/lib/presentation/bloc/now-playing/now_playing_movies_bloc.dart
DA:13,1
DA:14,2
DA:15,1
DA:16,1
DA:17,2
DA:19,2
DA:21,1
DA:22,1
DA:23,3
DA:25,1
DA:26,2
LF:11
LH:11
end_of_record
SF:./movie/lib/presentation/bloc/search/movie_search_state.dart
DA:4,2
DA:6,1
DA:7,1
DA:17,2
DA:19,1
DA:20,2
DA:26,1
DA:28,1
DA:29,2
LF:9
LH:9
end_of_record
SF:./movie/lib/presentation/bloc/search/movie_search_bloc.dart
DA:13,3
DA:14,1
DA:15,1
DA:16,1
DA:18,2
DA:20,2
DA:22,1
DA:23,1
DA:24,3
DA:26,1
DA:27,2
DA:31,1
DA:37,1
DA:38,3
LF:14
LH:14
end_of_record
SF:./movie/lib/presentation/bloc/search/movie_search_event.dart
DA:5,1
DA:7,1
DA:8,2
LF:3
LH:3
end_of_record
SF:./core/lib/presentation/widgets/sub_heading.dart
DA:8,1
DA:14,1
DA:16,1
DA:18,1
DA:19,1
DA:20,1
DA:21,1
DA:23,1
DA:24,1
LF:9
LH:9
end_of_record
SF:./core/lib/styles/text_styles.dart
DA:5,0
DA:6,0
DA:7,3
DA:9,0
DA:11,0
DA:15,0
DA:16,0
DA:17,0
DA:18,0
DA:19,0
LF:10
LH:1
end_of_record
SF:./tv_series/lib/data/datasources/remote/tv_series_remote_data_source.dart
DA:24,1
DA:26,1
DA:29,3
DA:31,2
DA:32,4
DA:34,1
DA:38,1
DA:41,3
DA:43,2
DA:44,4
DA:46,1
DA:50,1
DA:53,3
DA:55,2
DA:56,4
DA:58,1
DA:62,1
DA:64,4
DA:66,2
DA:67,3
DA:69,1
DA:73,1
DA:75,1
DA:76,3
DA:78,2
DA:79,4
DA:81,1
DA:85,1
DA:87,1
DA:88,3
DA:90,2
DA:91,4
DA:93,1
LF:33
LH:33
end_of_record
SF:./tv_series/lib/data/models/tv_series_detail_model.dart
DA:11,3
DA:79,1
DA:80,1
DA:81,1
DA:82,1
DA:83,3
DA:84,4
DA:85,2
DA:86,1
DA:87,4
DA:88,1
DA:89,1
DA:90,1
DA:91,4
DA:92,2
DA:94,2
DA:95,1
DA:96,1
DA:97,2
DA:99,1
DA:100,4
DA:101,1
DA:102,1
DA:103,4
DA:104,1
DA:105,1
DA:106,1
DA:107,2
DA:108,1
DA:109,1
DA:110,4
DA:111,1
DA:112,1
DA:113,3
DA:114,1
DA:115,4
DA:116,1
DA:117,4
DA:118,1
DA:119,1
DA:120,1
DA:121,2
DA:122,1
DA:126,2
DA:127,1
DA:128,1
DA:129,4
DA:130,4
DA:132,13
DA:133,5
DA:134,1
DA:135,1
DA:136,1
DA:137,4
DA:139,13
DA:140,2
DA:141,1
DA:142,2
DA:143,5
DA:144,1
DA:145,1
DA:146,4
DA:147,1
DA:148,1
DA:149,1
DA:150,1
DA:151,1
DA:153,5
DA:155,5
DA:156,5
DA:158,5
DA:159,1
DA:160,1
DA:161,1
DA:162,1
DA:163,1
DA:166,1
DA:167,1
DA:168,1
DA:169,1
DA:170,3
DA:171,4
DA:172,1
DA:173,5
DA:174,1
DA:175,1
DA:176,1
DA:177,4
DA:178,1
DA:179,2
DA:180,1
DA:181,2
DA:182,5
DA:183,1
DA:184,1
DA:185,1
DA:186,1
DA:187,1
DA:188,1
DA:189,1
DA:190,1
DA:191,1
DA:192,3
DA:193,1
DA:194,1
DA:195,3
DA:196,1
DA:197,5
DA:198,1
DA:199,3
DA:200,1
DA:201,1
DA:202,1
DA:203,1
DA:204,1
DA:205,1
DA:209,1
DA:210,1
DA:211,1
DA:212,1
DA:213,1
DA:214,1
DA:215,1
DA:216,1
DA:217,1
DA:218,1
DA:219,1
DA:220,1
DA:221,1
DA:222,1
DA:223,1
DA:224,1
DA:225,1
DA:226,1
DA:227,1
DA:228,1
DA:229,1
DA:230,1
DA:231,1
DA:232,1
DA:233,1
DA:234,1
DA:235,1
DA:236,1
DA:237,1
DA:238,1
DA:239,1
DA:240,1
DA:241,1
DA:242,1
LF:150
LH:150
end_of_record
SF:./tv_series/lib/data/models/tv_series_response.dart
DA:7,3
DA:9,2
DA:10,2
DA:11,4
DA:12,6
DA:13,6
DA:16,2
DA:17,5
DA:20,1
DA:21,2
LF:10
LH:10
end_of_record
SF:./tv_series/lib/data/datasources/local/tv_series_local_data_source.dart
DA:15,1
DA:17,1
DA:19,2
DA:22,1
DA:28,1
DA:31,2
DA:32,4
DA:34,0
DA:38,1
DA:41,2
DA:44,2
DA:48,1
DA:51,2
DA:54,2
LF:14
LH:13
end_of_record
SF:./tv_series/lib/data/models/tv_series_model.dart
DA:5,5
DA:37,4
DA:38,2
DA:39,2
DA:40,8
DA:41,2
DA:42,8
DA:43,2
DA:44,2
DA:45,2
DA:46,4
DA:47,2
DA:48,2
DA:49,2
DA:50,4
DA:51,2
DA:54,2
DA:55,1
DA:56,1
DA:57,4
DA:58,1
DA:59,4
DA:60,1
DA:61,1
DA:62,1
DA:63,1
DA:64,1
DA:65,1
DA:66,1
DA:67,1
DA:68,1
DA:71,2
DA:72,2
DA:73,2
DA:74,2
DA:75,2
DA:76,2
DA:77,2
DA:78,2
DA:79,2
DA:80,2
DA:81,2
DA:82,2
DA:83,2
DA:84,2
DA:85,2
DA:86,2
DA:90,2
DA:91,2
DA:92,2
DA:93,2
DA:94,2
DA:95,2
DA:96,2
DA:97,2
DA:98,2
DA:99,2
DA:100,2
DA:101,2
DA:102,2
DA:103,2
DA:104,2
DA:105,2
LF:63
LH:63
end_of_record
SF:./tv_series/lib/data/models/tv_series_table.dart
DA:11,15
DA:18,2
DA:19,1
DA:20,1
DA:21,1
DA:22,1
DA:25,2
DA:26,1
DA:27,1
DA:28,1
DA:29,1
DA:32,2
DA:33,1
DA:34,1
DA:35,1
DA:36,1
DA:39,2
DA:40,1
DA:41,1
DA:42,1
DA:43,1
DA:46,2
DA:47,2
DA:48,2
DA:49,2
DA:50,2
DA:51,2
LF:27
LH:27
end_of_record
SF:./tv_series/lib/domain/entities/tv_series.dart
DA:4,12
DA:21,2
DA:43,8
DA:44,8
DA:45,8
DA:46,8
DA:47,8
DA:48,8
DA:49,8
DA:50,8
DA:51,8
DA:52,8
DA:53,8
DA:54,8
DA:55,8
DA:56,8
DA:57,8
DA:58,8
LF:18
LH:18
end_of_record
SF:./tv_series/lib/domain/entities/tv_series_detail.dart
DA:10,7
DA:78,2
DA:79,2
DA:80,2
DA:81,2
DA:82,2
DA:83,2
DA:84,2
DA:85,2
DA:86,2
DA:87,2
DA:88,2
DA:89,2
DA:90,2
DA:91,2
DA:92,2
DA:93,2
DA:94,2
DA:95,2
DA:96,2
DA:97,2
DA:98,2
DA:99,2
DA:100,2
DA:101,2
DA:102,2
DA:103,2
DA:104,2
DA:105,2
DA:106,2
DA:107,2
DA:108,2
DA:109,2
DA:110,2
DA:111,2
LF:35
LH:35
end_of_record
SF:./tv_series/lib/data/models/network_model.dart
DA:5,4
DA:17,2
DA:18,1
DA:19,1
DA:20,1
DA:21,1
DA:24,4
DA:25,2
DA:26,2
DA:27,2
DA:28,2
DA:31,1
DA:32,1
DA:33,1
DA:34,1
DA:35,1
DA:36,1
DA:40,1
DA:41,1
DA:42,1
DA:43,1
DA:44,1
DA:45,1
LF:23
LH:23
end_of_record
SF:./tv_series/lib/domain/entities/network.dart
DA:4,7
DA:16,2
DA:17,2
DA:18,2
DA:19,2
DA:20,2
DA:21,2
LF:7
LH:7
end_of_record
SF:./tv_series/lib/data/models/production_country_model.dart
DA:5,4
DA:13,1
DA:14,1
DA:15,1
DA:16,1
DA:19,4
DA:20,2
DA:21,2
DA:24,1
DA:25,1
DA:26,1
DA:27,1
DA:31,1
DA:32,1
DA:33,1
DA:34,1
LF:16
LH:16
end_of_record
SF:./tv_series/lib/domain/entities/production_country.dart
DA:4,7
DA:12,2
DA:13,2
DA:14,2
DA:15,2
LF:5
LH:5
end_of_record
SF:./tv_series/lib/data/models/spoken_language_model.dart
DA:5,4
DA:15,1
DA:16,1
DA:17,1
DA:18,1
DA:19,1
DA:22,4
DA:23,2
DA:24,2
DA:25,2
DA:28,1
DA:29,1
DA:30,1
DA:31,1
DA:32,1
DA:36,1
DA:37,1
DA:38,1
DA:39,1
DA:40,1
LF:20
LH:20
end_of_record
SF:./tv_series/lib/domain/entities/spoken_language.dart
DA:4,7
DA:14,2
DA:15,2
DA:16,2
DA:17,2
DA:18,2
LF:6
LH:6
end_of_record
SF:./tv_series/lib/data/models/tepisode_to_air_model.dart
DA:5,4
DA:35,1
DA:36,1
DA:37,1
DA:38,1
DA:39,1
DA:40,1
DA:41,1
DA:42,2
DA:43,1
DA:44,1
DA:45,1
DA:46,1
DA:47,1
DA:48,1
DA:49,1
DA:52,4
DA:53,2
DA:54,2
DA:55,2
DA:56,2
DA:57,2
DA:59,26
DA:60,2
DA:61,2
DA:62,2
DA:63,2
DA:64,2
DA:65,2
DA:66,2
DA:69,1
DA:70,1
DA:71,1
DA:72,1
DA:73,1
DA:74,1
DA:75,1
DA:76,1
DA:77,1
DA:78,1
DA:79,1
DA:80,1
DA:81,1
DA:82,1
DA:83,1
DA:87,1
DA:88,1
DA:89,1
DA:90,1
DA:91,1
DA:92,1
DA:93,1
DA:94,1
DA:95,1
DA:96,1
DA:97,1
DA:98,1
DA:99,1
DA:100,1
DA:101,1
LF:60
LH:60
end_of_record
SF:./tv_series/lib/domain/entities/tepisode_to_air.dart
DA:4,7
DA:34,2
DA:35,2
DA:36,2
DA:37,2
DA:38,2
DA:39,2
DA:40,2
DA:41,2
DA:42,2
DA:43,2
DA:44,2
DA:45,2
DA:46,2
DA:47,2
DA:48,2
LF:16
LH:16
end_of_record
SF:./tv_series/lib/data/repositories/tv_series_repository_impl.dart
DA:17,1
DA:22,1
DA:25,2
DA:26,5
DA:27,1
DA:29,1
DA:34,1
DA:37,2
DA:38,5
DA:39,1
DA:41,1
DA:46,1
DA:49,2
DA:50,5
DA:51,1
DA:53,1
DA:58,1
DA:61,2
DA:62,2
DA:63,1
DA:65,1
DA:70,1
DA:74,2
DA:75,3
DA:76,1
DA:78,1
DA:83,1
DA:85,2
DA:86,5
DA:89,1
DA:91,2
DA:95,1
DA:99,1
DA:100,2
DA:101,1
DA:102,1
DA:103,3
DA:107,1
DA:111,1
DA:112,2
DA:113,1
DA:114,1
DA:115,3
DA:121,1
DA:124,2
DA:125,5
DA:126,1
DA:128,1
LF:48
LH:48
end_of_record
SF:./tv_series/lib/domain/usecases/remove_watchlist_tv_series.dart
DA:9,1
DA:11,1
DA:12,2
LF:3
LH:3
end_of_record
SF:./tv_series/lib/domain/usecases/search_tv_series.dart
DA:9,1
DA:11,1
DA:12,2
LF:3
LH:3
end_of_record
SF:./tv_series/lib/domain/usecases/save_watchlist_tv_series.dart
DA:9,1
DA:11,1
DA:12,2
LF:3
LH:3
end_of_record
SF:./tv_series/lib/domain/usecases/get_tv_series_detail.dart
DA:9,1
DA:11,1
DA:12,2
LF:3
LH:3
end_of_record
SF:./tv_series/lib/domain/usecases/get_watchlist_status_tv_series.dart
DA:6,1
DA:8,1
DA:9,2
LF:3
LH:3
end_of_record
SF:./tv_series/lib/domain/usecases/get_tv_series_recommendations.dart
DA:9,1
DA:11,1
DA:12,2
LF:3
LH:3
end_of_record
SF:./tv_series/lib/domain/usecases/get_now_playing_tv_series.dart
DA:9,1
DA:11,1
DA:12,2
LF:3
LH:3
end_of_record
SF:./tv_series/lib/domain/usecases/get_watchlist_tv_series.dart
DA:9,1
DA:11,1
DA:12,2
LF:3
LH:3
end_of_record
SF:./tv_series/lib/domain/usecases/get_top_rated_tv_series.dart
DA:9,1
DA:11,1
DA:12,2
LF:3
LH:3
end_of_record
SF:./tv_series/lib/domain/usecases/get_popular_tv_series.dart
DA:9,1
DA:11,1
DA:12,2
LF:3
LH:3
end_of_record
SF:./tv_series/lib/presentation/bloc/top-rated/top_rated_tv_series_state.dart
DA:4,4
DA:6,1
DA:7,1
DA:17,3
DA:19,1
DA:20,2
DA:26,2
DA:28,1
DA:29,2
LF:9
LH:9
end_of_record
SF:./tv_series/lib/presentation/bloc/top-rated/top_rated_tv_series_bloc.dart
DA:13,1
DA:14,2
DA:15,1
DA:16,1
DA:17,2
DA:19,2
DA:21,1
DA:22,1
DA:23,3
DA:25,1
DA:26,1
DA:27,2
DA:29,2
LF:13
LH:13
end_of_record
SF:./tv_series/lib/presentation/pages/top_rated_tv_series_page.dart
DA:9,1
DA:11,1
DA:12,1
DA:16,1
DA:18,1
DA:19,2
DA:20,4
DA:23,1
DA:25,1
DA:26,1
DA:29,1
DA:31,1
DA:32,1
DA:33,1
DA:37,1
DA:38,1
DA:39,1
DA:40,2
DA:41,1
DA:43,2
DA:45,1
DA:46,1
DA:48,2
DA:51,1
LF:24
LH:24
end_of_record
SF:./tv_series/lib/presentation/widgets/tv_series_card.dart
DA:11,2
DA:13,2
DA:15,2
DA:17,2
DA:18,0
DA:19,0
DA:22,0
DA:25,2
DA:27,2
DA:28,2
DA:29,2
DA:35,2
DA:37,2
DA:38,2
DA:39,4
DA:42,2
DA:45,2
DA:46,4
DA:54,2
DA:59,2
DA:61,2
DA:62,6
DA:64,2
DA:67,0
LF:24
LH:20
end_of_record
SF:./tv_series/lib/presentation/bloc/detail/tv_series_detail_event.dart
DA:6,2
DA:8,1
DA:9,2
LF:3
LH:3
end_of_record
SF:./tv_series/lib/presentation/bloc/detail/tv_series_detail_state.dart
DA:4,4
DA:6,1
DA:7,1
DA:17,3
DA:19,1
DA:20,2
DA:26,2
DA:28,1
DA:29,2
LF:9
LH:9
end_of_record
SF:./tv_series/lib/presentation/bloc/detail/tv_series_detail_bloc.dart
DA:13,3
DA:14,1
DA:15,1
DA:16,1
DA:18,2
DA:20,2
DA:22,1
DA:23,1
DA:24,3
DA:26,1
DA:27,2
LF:11
LH:11
end_of_record
SF:./tv_series/lib/presentation/bloc/recommendation/tv_series_recommendation_state.dart
DA:4,4
DA:6,1
DA:7,1
DA:17,3
DA:19,1
DA:20,2
DA:26,3
DA:28,1
DA:29,2
LF:9
LH:9
end_of_record
SF:./tv_series/lib/presentation/bloc/recommendation/tv_series_recommendation_bloc.dart
DA:13,1
DA:14,2
DA:15,1
DA:16,1
DA:17,1
DA:19,2
DA:21,2
DA:23,1
DA:24,1
DA:25,3
DA:27,1
DA:28,1
DA:29,2
DA:31,2
LF:14
LH:14
end_of_record
SF:./tv_series/lib/presentation/bloc/recommendation/tv_series_recommendation_event.dart
DA:6,2
DA:8,1
DA:9,2
LF:3
LH:3
end_of_record
SF:./tv_series/lib/presentation/bloc/watchlist/watchlist_tv_series_event.dart
DA:6,1
DA:7,1
DA:13,2
DA:15,1
DA:16,2
DA:22,1
DA:24,1
DA:25,2
DA:31,2
DA:33,1
DA:34,2
LF:11
LH:11
end_of_record
SF:./tv_series/lib/presentation/bloc/watchlist/watchlist_tv_series_state.dart
DA:4,3
DA:6,1
DA:7,1
DA:17,3
DA:19,1
DA:20,2
DA:26,1
DA:28,1
DA:29,2
DA:35,3
DA:37,1
DA:38,2
DA:44,3
DA:46,1
DA:47,2
LF:15
LH:15
end_of_record
SF:./tv_series/lib/presentation/bloc/watchlist/watchlist_tv_series_bloc.dart
DA:20,1
DA:25,2
DA:26,1
DA:27,1
DA:28,2
DA:30,2
DA:32,1
DA:33,1
DA:34,3
DA:36,1
DA:37,1
DA:38,2
DA:40,2
DA:47,1
DA:48,1
DA:49,2
DA:51,3
DA:53,1
DA:54,1
DA:55,3
DA:57,1
DA:58,2
DA:62,4
DA:66,1
DA:67,1
DA:68,2
DA:70,3
DA:72,1
DA:73,1
DA:74,3
DA:76,1
DA:77,2
DA:81,4
DA:85,1
DA:86,1
DA:87,3
DA:88,2
LF:37
LH:37
end_of_record
SF:./tv_series/lib/presentation/pages/tv_series_detail_page.dart
DA:19,1
DA:21,1
DA:22,1
DA:26,1
DA:28,1
DA:29,2
DA:30,6
DA:31,1
DA:32,1
DA:33,4
DA:34,6
DA:38,1
DA:40,1
DA:41,1
DA:42,1
DA:43,1
DA:47,1
DA:48,1
DA:49,1
DA:50,1
DA:52,1
DA:53,2
DA:66,1
DA:68,1
DA:70,1
DA:71,1
DA:72,1
DA:73,3
DA:74,3
DA:75,1
DA:78,0
DA:80,1
DA:82,1
DA:83,1
DA:84,1
DA:94,1
DA:95,1
DA:96,1
DA:98,1
DA:100,1
DA:102,1
DA:103,1
DA:104,2
DA:105,1
DA:107,1
DA:109,1
DA:110,1
DA:111,2
DA:112,3
DA:113,1
DA:114,1
DA:116,1
DA:117,1
DA:118,2
DA:124,1
DA:125,1
DA:126,1
DA:127,1
DA:128,1
DA:130,0
DA:131,0
DA:134,1
DA:135,3
DA:139,1
DA:141,1
DA:142,1
DA:143,1
DA:144,1
DA:146,1
DA:147,1
DA:153,1
DA:154,3
DA:156,1
DA:157,1
DA:158,1
DA:159,3
DA:161,1
DA:167,4
DA:171,1
DA:173,1
DA:175,1
DA:176,2
DA:179,1
DA:180,2
DA:183,0
DA:186,0
DA:190,1
DA:191,3
DA:193,1
DA:195,1
DA:196,1
DA:200,1
DA:202,3
DA:203,1
DA:207,0
DA:212,1
DA:213,1
DA:216,1
DA:217,2
DA:218,1
DA:219,5
DA:220,1
DA:222,0
DA:223,0
DA:224,0
DA:227,1
DA:230,1
DA:231,2
DA:232,1
DA:236,1
DA:237,1
DA:241,1
DA:248,1
DA:249,4
DA:252,0
DA:256,0
DA:257,0
DA:261,0
DA:268,0
DA:269,0
DA:273,1
DA:279,2
DA:280,1
DA:281,5
DA:282,1
DA:284,0
DA:285,0
DA:286,0
DA:298,1
DA:300,1
DA:302,1
DA:304,1
DA:305,1
DA:310,1
DA:311,2
DA:313,1
DA:314,1
DA:316,1
DA:318,1
DA:319,2
DA:320,1
DA:322,1
DA:323,0
DA:324,0
DA:327,0
DA:330,1
DA:335,1
DA:337,2
DA:338,1
DA:344,0
DA:351,2
DA:355,1
DA:365,1
DA:367,1
DA:380,1
DA:382,1
DA:385,1
DA:387,0
DA:395,1
DA:397,2
DA:398,3
DA:401,1
DA:405,3
LF:163
LH:140
end_of_record
SF:./tv_series/lib/presentation/bloc/popular/popular_tv_series_state.dart
DA:4,4
DA:6,1
DA:7,1
DA:17,3
DA:19,1
DA:20,2
DA:26,2
DA:28,1
DA:29,2
LF:9
LH:9
end_of_record
SF:./tv_series/lib/presentation/bloc/popular/popular_tv_series_bloc.dart
DA:13,1
DA:14,2
DA:15,1
DA:16,1
DA:17,2
DA:19,2
DA:21,1
DA:22,1
DA:23,3
DA:25,1
DA:26,1
DA:27,2
DA:29,2
LF:13
LH:13
end_of_record
SF:./tv_series/lib/presentation/pages/popular_tv_series_page.dart
DA:9,1
DA:11,1
DA:12,1
DA:16,1
DA:18,1
DA:19,1
DA:20,5
DA:23,1
DA:25,1
DA:26,1
DA:29,1
DA:31,1
DA:32,1
DA:33,1
DA:37,1
DA:38,1
DA:39,1
DA:40,2
DA:41,1
DA:43,2
DA:45,1
DA:46,1
DA:48,2
DA:51,1
LF:24
LH:24
end_of_record
SF:./tv_series/lib/presentation/bloc/now-playing/now_playing_tv_series_bloc.dart
DA:13,1
DA:14,2
DA:15,1
DA:16,1
DA:17,2
DA:19,2
DA:21,1
DA:22,1
DA:23,3
DA:25,1
DA:26,1
DA:27,2
DA:29,2
LF:13
LH:13
end_of_record
SF:./tv_series/lib/presentation/bloc/now-playing/now_playing_tv_series_state.dart
DA:4,2
DA:6,1
DA:7,1
DA:17,2
DA:19,1
DA:20,2
DA:26,1
DA:28,1
DA:29,2
LF:9
LH:9
end_of_record
SF:./tv_series/lib/presentation/bloc/search/tv_series_search_state.dart
DA:4,2
DA:6,1
DA:7,1
DA:19,2
DA:21,1
DA:22,2
DA:28,1
DA:30,1
DA:31,2
LF:9
LH:9
end_of_record
SF:./tv_series/lib/presentation/bloc/search/tv_series_search_event.dart
DA:5,1
DA:7,1
DA:8,2
LF:3
LH:3
end_of_record
SF:./tv_series/lib/presentation/bloc/search/tv_series_search_bloc.dart
DA:13,3
DA:14,1
DA:15,1
DA:16,2
DA:17,1
DA:19,2
DA:21,2
DA:23,1
DA:24,1
DA:25,3
DA:27,1
DA:28,1
DA:29,2
DA:31,2
DA:36,2
DA:39,1
DA:45,1
DA:46,3
LF:18
LH:18
end_of_record
SF:./about/lib/presentation/pages/about_page.dart
DA:7,1
DA:9,1
DA:11,1
DA:12,1
DA:13,1
DA:14,1
DA:15,1
DA:16,1
DA:17,1
DA:19,1
DA:20,1
DA:27,1
DA:28,1
DA:40,1
DA:41,1
DA:42,0
LF:16
LH:15
end_of_record
SF:./season/lib/data/datasources/season_remote_data_source.dart
DA:20,1
DA:22,1
DA:25,4
DA:27,2
DA:28,4
DA:30,1
DA:34,1
DA:39,1
DA:40,3
DA:42,2
DA:43,3
DA:45,1
LF:12
LH:12
end_of_record
SF:./season/lib/data/models/season_detail_model.dart
DA:6,3
DA:26,1
DA:27,1
DA:28,1
DA:30,3
DA:31,1
DA:32,1
DA:33,4
DA:35,1
DA:36,1
DA:37,1
DA:38,1
DA:39,1
DA:42,2
DA:43,1
DA:45,13
DA:46,5
DA:47,1
DA:48,1
DA:49,1
DA:50,1
DA:51,1
DA:54,2
DA:55,2
DA:56,2
DA:57,2
DA:58,10
DA:59,2
DA:60,2
DA:61,2
DA:62,2
DA:63,2
DA:67,1
DA:68,1
DA:69,1
DA:70,1
DA:71,1
DA:72,1
DA:73,1
DA:74,1
DA:75,1
DA:76,1
LF:42
LH:42
end_of_record
SF:./season/lib/data/models/season_response.dart
DA:7,2
DA:9,2
DA:10,2
DA:11,3
DA:12,3
DA:15,1
DA:16,6
DA:18,1
DA:19,2
LF:9
LH:9
end_of_record
SF:./season/lib/data/models/season_model.dart
DA:5,4
DA:25,2
DA:27,3
DA:28,1
DA:29,1
DA:30,1
DA:31,1
DA:32,1
DA:33,1
DA:34,1
DA:37,4
DA:39,26
DA:40,2
DA:41,2
DA:42,2
DA:43,2
DA:44,2
DA:45,2
DA:46,2
DA:49,2
DA:50,2
DA:51,2
DA:52,2
DA:53,2
DA:54,2
DA:55,2
DA:56,2
DA:57,2
DA:58,2
DA:62,1
DA:63,1
DA:64,1
DA:65,1
DA:66,1
DA:67,1
DA:68,1
DA:69,1
DA:70,1
DA:71,1
LF:39
LH:39
end_of_record
SF:./season/lib/domain/entities/season.dart
DA:4,4
DA:24,3
DA:25,3
DA:26,3
DA:27,3
DA:28,3
DA:29,3
DA:30,3
DA:31,3
DA:32,3
DA:33,3
LF:11
LH:11
end_of_record
SF:./season/lib/domain/entities/season_detail.dart
DA:5,5
DA:25,3
DA:26,3
DA:27,3
DA:28,3
DA:29,3
DA:30,3
DA:31,3
DA:32,3
DA:33,3
DA:34,3
LF:11
LH:11
end_of_record
SF:./season/lib/data/models/episode_model.dart
DA:5,4
DA:39,2
DA:41,3
DA:42,1
DA:43,1
DA:44,1
DA:45,1
DA:46,1
DA:47,1
DA:48,1
DA:49,1
DA:50,1
DA:51,1
DA:52,2
DA:53,1
DA:54,1
DA:55,1
DA:58,4
DA:60,26
DA:61,2
DA:62,2
DA:63,2
DA:64,2
DA:65,2
DA:66,2
DA:67,2
DA:68,2
DA:69,2
DA:70,2
DA:71,2
DA:72,2
DA:73,2
DA:74,2
DA:77,3
DA:78,3
DA:79,3
DA:80,3
DA:81,3
DA:82,3
DA:83,3
DA:84,3
DA:85,3
DA:86,3
DA:87,3
DA:88,3
DA:89,3
DA:90,3
DA:91,3
DA:92,3
DA:93,3
DA:97,1
DA:98,1
DA:99,1
DA:100,1
DA:101,1
DA:102,1
DA:103,1
DA:104,1
DA:105,1
DA:106,1
DA:107,1
DA:108,1
DA:109,1
DA:110,1
DA:111,1
DA:112,1
DA:113,1
LF:67
LH:67
end_of_record
SF:./season/lib/domain/entities/episode.dart
DA:4,6
DA:38,4
DA:39,4
DA:40,4
DA:41,4
DA:42,4
DA:43,4
DA:44,4
DA:45,4
DA:46,4
DA:47,4
DA:48,4
DA:49,4
DA:50,4
DA:51,4
DA:52,4
DA:53,4
DA:54,4
LF:18
LH:18
end_of_record
SF:./season/lib/data/repositories/season_repository_impl.dart
DA:13,1
DA:15,1
DA:18,2
DA:19,5
DA:20,1
DA:22,1
DA:27,1
DA:33,2
DA:37,2
DA:38,1
DA:40,1
LF:11
LH:11
end_of_record
SF:./season/lib/domain/usecases/get_season.dart
DA:9,1
DA:11,1
DA:12,2
LF:3
LH:3
end_of_record
SF:./season/lib/domain/usecases/get_season_detail.dart
DA:9,1
DA:11,1
DA:15,2
LF:3
LH:3
end_of_record
SF:./season/lib/presentation/bloc/detail/season_detail_event.dart
DA:7,2
DA:9,1
DA:10,3
LF:3
LH:3
end_of_record
SF:./season/lib/presentation/bloc/detail/season_detail_bloc.dart
DA:12,3
DA:13,1
DA:14,1
DA:15,1
DA:16,1
DA:18,2
DA:20,2
DA:22,1
DA:23,4
DA:24,1
DA:25,2
LF:11
LH:11
end_of_record
SF:./season/lib/presentation/bloc/detail/season_detail_state.dart
DA:4,4
DA:6,1
DA:7,1
DA:17,3
DA:19,1
DA:20,2
DA:26,2
DA:28,1
DA:29,2
LF:9
LH:9
end_of_record
SF:./season/lib/presentation/pages/season_detail_page.dart
DA:11,1
DA:17,1
DA:18,1
DA:22,1
DA:24,1
DA:25,2
DA:26,1
DA:27,1
DA:28,6
DA:32,1
DA:34,1
DA:35,1
DA:36,1
DA:37,1
DA:38,1
DA:40,1
DA:41,3
DA:48,1
DA:50,1
DA:51,1
DA:52,1
DA:56,1
DA:57,1
DA:58,1
DA:59,3
DA:60,1
DA:62,3
DA:64,1
DA:65,1
DA:66,1
DA:67,1
DA:72,1
LF:32
LH:32
end_of_record
SF:./season/lib/presentation/widgets/episode_card.dart
DA:10,1
DA:15,1
DA:17,1
DA:22,1
DA:24,3
DA:25,1
DA:27,1
DA:28,1
DA:29,2
DA:32,1
DA:35,1
DA:37,1
DA:38,1
DA:41,1
DA:47,4
DA:51,1
DA:52,2
LF:17
LH:17
end_of_record
SF:./season/lib/presentation/bloc/list/season_state.dart
DA:4,4
DA:6,1
DA:7,1
DA:17,3
DA:19,1
DA:20,2
DA:26,2
DA:28,1
DA:29,2
LF:9
LH:9
end_of_record
SF:./season/lib/presentation/bloc/list/season_bloc.dart
DA:12,3
DA:13,1
DA:14,1
DA:15,1
DA:17,2
DA:19,2
DA:21,1
DA:22,1
DA:23,3
DA:25,1
DA:26,1
DA:27,2
DA:29,2
LF:13
LH:13
end_of_record
SF:./season/lib/presentation/bloc/list/season_event.dart
DA:6,2
DA:8,1
DA:9,2
LF:3
LH:3
end_of_record
SF:./season/lib/helpers/DetailArguments.dart
DA:5,1
LF:1
LH:1
end_of_record
SF:./season/lib/presentation/pages/season_list_page.dart
DA:11,1
DA:13,1
DA:14,1
DA:18,1
DA:20,1
DA:21,2
DA:22,6
DA:23,1
DA:24,1
DA:25,4
DA:29,1
DA:31,1
DA:32,1
DA:33,1
DA:34,1
DA:35,1
DA:39,1
DA:40,1
DA:41,2
DA:53,1
DA:55,1
DA:56,1
DA:57,1
DA:61,1
DA:62,1
DA:63,1
DA:64,2
DA:65,1
DA:67,2
DA:70,2
DA:72,1
DA:73,1
DA:75,2
DA:78,1
LF:34
LH:34
end_of_record
SF:./season/lib/presentation/widgets/season_card.dart
DA:15,1
DA:17,1
DA:19,1
DA:21,1
DA:22,0
DA:23,0
DA:26,0
DA:29,1
DA:31,1
DA:32,1
DA:33,1
DA:39,3
DA:40,1
DA:42,1
DA:43,1
DA:44,2
DA:47,1
DA:50,1
DA:52,1
DA:53,1
DA:55,1
DA:56,1
DA:59,1
DA:65,4
DA:69,1
DA:70,3
DA:76,1
DA:77,2
DA:85,1
DA:90,1
DA:92,1
DA:93,3
DA:95,1
DA:98,0
LF:34
LH:30
end_of_record
