SF:lib/common/exception.dart
DA:6,4
LF:1
LH:1
end_of_record
SF:lib/data/datasources/movie_local_data_source.dart
DA:15,1
DA:17,1
DA:20,2
DA:23,2
DA:27,1
DA:30,2
DA:33,2
DA:37,1
DA:39,2
DA:41,1
DA:47,1
DA:49,2
DA:50,4
LF:13
LH:13
end_of_record
SF:lib/data/models/movies/movie_table.dart
DA:11,27
DA:18,2
DA:19,1
DA:20,1
DA:21,1
DA:22,1
DA:25,2
DA:26,1
DA:27,1
DA:28,1
DA:29,1
DA:32,2
DA:33,1
DA:34,1
DA:35,1
DA:36,1
DA:39,2
DA:40,1
DA:41,1
DA:42,1
DA:43,1
DA:46,2
DA:48,10
LF:23
LH:23
end_of_record
SF:lib/data/models/series/tv_series_table.dart
DA:11,27
DA:18,2
DA:19,1
DA:20,1
DA:21,1
DA:22,1
DA:25,2
DA:26,1
DA:27,1
DA:28,1
DA:29,1
DA:32,2
DA:33,1
DA:34,1
DA:35,1
DA:36,1
DA:39,2
DA:40,1
DA:41,1
DA:42,1
DA:43,1
DA:46,2
DA:47,2
DA:48,2
DA:49,2
DA:50,2
DA:51,2
LF:27
LH:27
end_of_record
SF:lib/domain/entities/genre.dart
DA:4,26
DA:12,4
DA:13,12
LF:3
LH:3
end_of_record
SF:lib/domain/entities/movies/movie.dart
DA:4,12
DA:20,2
DA:41,8
DA:42,8
DA:43,8
DA:44,8
DA:45,8
DA:46,8
DA:47,8
DA:48,8
DA:49,8
DA:50,8
DA:51,8
DA:52,8
DA:53,8
DA:54,8
DA:55,8
LF:17
LH:17
end_of_record
SF:lib/domain/entities/movies/movie_detail.dart
DA:5,25
DA:33,2
DA:34,2
DA:35,2
DA:36,2
DA:37,2
DA:38,2
DA:39,2
DA:40,2
DA:41,2
DA:42,2
DA:43,2
DA:44,2
DA:45,2
LF:14
LH:14
end_of_record
SF:lib/domain/entities/network.dart
DA:4,7
DA:16,2
DA:17,2
DA:18,2
DA:19,2
DA:20,2
DA:21,2
LF:7
LH:7
end_of_record
SF:lib/domain/entities/production_country.dart
DA:4,7
DA:12,2
DA:13,2
DA:14,2
DA:15,2
LF:5
LH:5
end_of_record
SF:lib/domain/entities/series/tv_series.dart
DA:4,12
DA:21,2
DA:43,8
DA:44,8
DA:45,8
DA:46,8
DA:47,8
DA:48,8
DA:49,8
DA:50,8
DA:51,8
DA:52,8
DA:53,8
DA:54,8
DA:55,8
DA:56,8
DA:57,8
DA:58,8
LF:18
LH:18
end_of_record
SF:lib/domain/entities/series/tv_series_detail.dart
DA:10,7
DA:78,2
DA:79,2
DA:80,2
DA:81,2
DA:82,2
DA:83,2
DA:84,2
DA:85,2
DA:86,2
DA:87,2
DA:88,2
DA:89,2
DA:90,2
DA:91,2
DA:92,2
DA:93,2
DA:94,2
DA:95,2
DA:96,2
DA:97,2
DA:98,2
DA:99,2
DA:100,2
DA:101,2
DA:102,2
DA:103,2
DA:104,2
DA:105,2
DA:106,2
DA:107,2
DA:108,2
DA:109,2
DA:110,2
DA:111,2
LF:35
LH:35
end_of_record
SF:lib/domain/entities/series/tv_series_season.dart
DA:4,7
DA:24,2
DA:25,2
DA:26,2
DA:27,2
DA:28,2
DA:29,2
DA:30,2
DA:31,2
DA:32,2
DA:33,2
LF:11
LH:11
end_of_record
SF:lib/domain/entities/spoken_language.dart
DA:4,7
DA:14,2
DA:15,2
DA:16,2
DA:17,2
DA:18,2
LF:6
LH:6
end_of_record
SF:lib/domain/entities/tepisode_to_air.dart
DA:4,7
DA:34,2
DA:35,2
DA:36,2
DA:37,2
DA:38,2
DA:39,2
DA:40,2
DA:41,2
DA:42,2
DA:43,2
DA:44,2
DA:45,2
DA:46,2
DA:47,2
DA:48,2
LF:16
LH:16
end_of_record
SF:lib/common/failure.dart
DA:6,20
DA:8,2
DA:9,4
DA:13,16
DA:17,4
DA:21,6
LF:6
LH:6
end_of_record
SF:lib/data/datasources/db/database_helper.dart
DA:9,0
DA:13,0
DA:17,0
DA:18,0
DA:25,0
DA:26,0
DA:27,0
DA:29,0
DA:33,0
DA:34,0
DA:42,0
DA:52,0
DA:53,0
DA:54,0
DA:57,0
DA:58,0
DA:59,0
DA:62,0
DA:66,0
DA:67,0
DA:68,0
DA:71,0
DA:74,0
DA:75,0
DA:81,0
DA:82,0
DA:83,0
DA:88,0
DA:89,0
DA:90,0
DA:93,0
DA:94,0
DA:95,0
DA:98,0
DA:102,0
DA:103,0
DA:104,0
DA:107,0
DA:110,0
DA:111,0
DA:117,0
DA:118,0
DA:120,0
LF:43
LH:0
end_of_record
SF:lib/data/datasources/movie_remote_data_source.dart
DA:24,1
DA:26,1
DA:29,3
DA:31,2
DA:32,4
DA:34,1
DA:38,1
DA:41,4
DA:43,2
DA:44,3
DA:46,1
DA:50,1
DA:52,1
DA:53,3
DA:55,2
DA:56,4
DA:58,1
DA:62,1
DA:65,3
DA:67,2
DA:68,4
DA:70,1
DA:74,1
DA:77,3
DA:79,2
DA:80,4
DA:82,1
DA:86,1
DA:88,1
DA:89,3
DA:91,2
DA:92,4
DA:94,1
LF:33
LH:33
end_of_record
SF:lib/data/datasources/tv_series_local_data_source.dart
DA:15,1
DA:17,1
DA:19,2
DA:22,1
DA:28,1
DA:31,2
DA:32,4
DA:34,0
DA:38,1
DA:41,2
DA:44,2
DA:48,1
DA:51,2
DA:54,2
LF:14
LH:13
end_of_record
SF:lib/data/datasources/tv_series_remote_data_source.dart
DA:24,1
DA:26,1
DA:29,3
DA:31,2
DA:32,4
DA:34,1
DA:38,1
DA:41,3
DA:43,2
DA:44,4
DA:46,1
DA:50,1
DA:53,3
DA:55,2
DA:56,4
DA:58,1
DA:62,1
DA:64,4
DA:66,2
DA:67,3
DA:69,1
DA:73,1
DA:75,1
DA:76,3
DA:78,2
DA:79,4
DA:81,1
DA:85,1
DA:87,1
DA:88,3
DA:90,2
DA:91,4
DA:93,1
LF:33
LH:33
end_of_record
SF:lib/data/models/movies/movie_detail_model.dart
DA:6,3
DA:52,1
DA:53,1
DA:54,1
DA:55,1
DA:56,1
DA:57,1
DA:58,4
DA:59,1
DA:60,1
DA:61,1
DA:62,1
DA:63,1
DA:64,1
DA:65,2
DA:66,1
DA:67,1
DA:68,1
DA:69,1
DA:70,1
DA:71,1
DA:72,1
DA:73,1
DA:74,2
DA:75,1
DA:78,2
DA:79,1
DA:80,1
DA:81,1
DA:82,5
DA:83,1
DA:84,1
DA:85,1
DA:86,1
DA:87,1
DA:88,1
DA:89,1
DA:90,1
DA:91,1
DA:92,1
DA:93,1
DA:94,1
DA:95,1
DA:96,1
DA:97,1
DA:98,1
DA:99,1
DA:102,1
DA:103,1
DA:104,1
DA:105,1
DA:106,5
DA:107,1
DA:108,1
DA:109,1
DA:110,1
DA:111,1
DA:112,1
DA:113,1
DA:114,1
DA:115,1
DA:119,1
DA:121,1
DA:122,1
DA:123,1
DA:124,1
DA:125,1
DA:126,1
DA:127,1
DA:128,1
DA:129,1
DA:130,1
DA:131,1
DA:132,1
DA:133,1
DA:134,1
DA:135,1
DA:136,1
DA:137,1
DA:138,1
DA:139,1
DA:140,1
DA:141,1
DA:142,1
LF:84
LH:84
end_of_record
SF:lib/data/models/movies/movie_model.dart
DA:5,5
DA:35,4
DA:36,2
DA:37,2
DA:38,8
DA:39,2
DA:40,2
DA:41,2
DA:42,4
DA:43,2
DA:44,2
DA:45,2
DA:46,2
DA:47,4
DA:48,2
DA:51,2
DA:52,1
DA:53,1
DA:54,4
DA:55,1
DA:56,1
DA:57,1
DA:58,1
DA:59,1
DA:60,1
DA:61,1
DA:62,1
DA:63,1
DA:64,1
DA:67,2
DA:68,2
DA:69,2
DA:70,2
DA:71,2
DA:72,2
DA:73,2
DA:74,2
DA:75,2
DA:76,2
DA:77,2
DA:78,2
DA:79,2
DA:80,2
DA:81,2
DA:85,2
DA:86,2
DA:87,2
DA:88,2
DA:89,2
DA:90,2
DA:91,2
DA:92,2
DA:93,2
DA:94,2
DA:95,2
DA:96,2
DA:97,2
DA:98,2
DA:99,2
LF:59
LH:59
end_of_record
SF:lib/data/models/series/tv_series_detail_model.dart
DA:11,3
DA:79,1
DA:80,1
DA:81,1
DA:82,1
DA:83,3
DA:84,4
DA:85,2
DA:86,1
DA:87,4
DA:88,1
DA:89,1
DA:90,1
DA:91,4
DA:92,2
DA:94,2
DA:95,1
DA:96,1
DA:97,2
DA:99,1
DA:100,4
DA:101,1
DA:102,1
DA:103,4
DA:104,1
DA:105,1
DA:106,1
DA:107,2
DA:108,1
DA:109,1
DA:110,4
DA:111,1
DA:112,1
DA:113,3
DA:114,1
DA:115,4
DA:116,1
DA:117,4
DA:118,1
DA:119,1
DA:120,1
DA:121,2
DA:122,1
DA:126,2
DA:127,1
DA:128,1
DA:129,4
DA:130,4
DA:132,13
DA:133,5
DA:134,1
DA:135,1
DA:136,1
DA:137,4
DA:139,13
DA:140,2
DA:141,1
DA:142,2
DA:143,5
DA:144,1
DA:145,1
DA:146,4
DA:147,1
DA:148,1
DA:149,1
DA:150,1
DA:151,1
DA:153,5
DA:155,5
DA:156,5
DA:158,5
DA:159,1
DA:160,1
DA:161,1
DA:162,1
DA:163,1
DA:166,1
DA:167,1
DA:168,1
DA:169,1
DA:170,3
DA:172,4
DA:173,1
DA:174,5
DA:175,1
DA:176,1
DA:177,1
DA:178,4
DA:179,1
DA:180,1
DA:181,2
DA:183,1
DA:184,1
DA:185,2
DA:187,5
DA:188,1
DA:189,1
DA:190,1
DA:191,1
DA:192,1
DA:193,1
DA:194,1
DA:195,1
DA:196,1
DA:197,3
DA:198,1
DA:199,1
DA:200,3
DA:201,1
DA:202,5
DA:203,1
DA:204,3
DA:205,1
DA:206,1
DA:207,1
DA:208,1
DA:209,1
DA:210,1
DA:214,1
DA:215,1
DA:216,1
DA:217,1
DA:218,1
DA:219,1
DA:220,1
DA:221,1
DA:222,1
DA:223,1
DA:224,1
DA:225,1
DA:226,1
DA:227,1
DA:228,1
DA:229,1
DA:230,1
DA:231,1
DA:232,1
DA:233,1
DA:234,1
DA:235,1
DA:236,1
DA:237,1
DA:238,1
DA:239,1
DA:240,1
DA:241,1
DA:242,1
DA:243,1
DA:244,1
DA:245,1
DA:246,1
DA:247,1
LF:152
LH:152
end_of_record
SF:lib/data/models/series/tv_series_model.dart
DA:5,5
DA:37,4
DA:38,2
DA:39,2
DA:40,8
DA:41,2
DA:42,8
DA:43,2
DA:44,2
DA:45,2
DA:46,4
DA:47,2
DA:48,2
DA:49,2
DA:50,4
DA:51,2
DA:54,2
DA:55,1
DA:56,1
DA:57,4
DA:58,1
DA:59,4
DA:60,1
DA:61,1
DA:62,1
DA:63,1
DA:64,1
DA:65,1
DA:66,1
DA:67,1
DA:68,1
DA:71,2
DA:72,2
DA:73,2
DA:74,2
DA:75,2
DA:76,2
DA:77,2
DA:78,2
DA:79,2
DA:80,2
DA:81,2
DA:82,2
DA:83,2
DA:84,2
DA:85,2
DA:86,2
DA:90,2
DA:91,2
DA:92,2
DA:93,2
DA:94,2
DA:95,2
DA:96,2
DA:97,2
DA:98,2
DA:99,2
DA:100,2
DA:101,2
DA:102,2
DA:103,2
DA:104,2
DA:105,2
LF:63
LH:63
end_of_record
SF:lib/data/models/movies/movie_response.dart
DA:7,3
DA:9,4
DA:10,4
DA:11,6
DA:12,6
DA:15,2
DA:16,5
DA:19,1
DA:20,2
LF:9
LH:9
end_of_record
SF:lib/data/models/series/tv_series_response.dart
DA:7,3
DA:9,2
DA:10,2
DA:11,4
DA:12,6
DA:13,6
DA:16,2
DA:17,5
DA:20,1
DA:21,2
LF:10
LH:10
end_of_record
SF:lib/data/models/genre_model.dart
DA:5,7
DA:13,4
DA:14,2
DA:15,2
DA:18,6
DA:19,3
DA:20,3
DA:23,2
DA:24,6
DA:27,2
DA:28,6
LF:11
LH:11
end_of_record
SF:lib/data/models/network_model.dart
DA:5,4
DA:17,2
DA:18,1
DA:19,1
DA:20,1
DA:21,1
DA:24,4
DA:25,2
DA:26,2
DA:27,2
DA:28,2
DA:31,1
DA:32,1
DA:33,1
DA:34,1
DA:35,1
DA:36,1
DA:40,1
DA:41,1
DA:42,1
DA:43,1
DA:44,1
DA:45,1
LF:23
LH:23
end_of_record
SF:lib/data/models/production_country_model.dart
DA:5,4
DA:13,1
DA:14,1
DA:15,1
DA:16,1
DA:19,4
DA:20,2
DA:21,2
DA:24,1
DA:25,1
DA:26,1
DA:27,1
DA:31,1
DA:32,1
DA:33,1
DA:34,1
LF:16
LH:16
end_of_record
SF:lib/data/models/series/tv_series_season_model.dart
DA:5,3
DA:25,2
DA:27,3
DA:28,1
DA:29,1
DA:30,1
DA:31,1
DA:32,1
DA:33,1
DA:34,2
DA:37,2
DA:39,13
DA:40,1
DA:41,1
DA:42,1
DA:43,1
DA:44,1
DA:45,1
DA:46,1
DA:49,1
DA:50,1
DA:51,1
DA:52,1
DA:53,1
DA:54,1
DA:55,1
DA:56,1
DA:57,1
DA:58,1
DA:62,1
DA:63,1
DA:64,1
DA:65,1
DA:66,1
DA:67,1
DA:68,1
DA:69,1
DA:70,1
DA:71,1
LF:39
LH:39
end_of_record
SF:lib/data/models/spoken_language_model.dart
DA:5,4
DA:15,1
DA:16,1
DA:17,1
DA:18,1
DA:19,1
DA:22,4
DA:23,2
DA:24,2
DA:25,2
DA:28,1
DA:29,1
DA:30,1
DA:31,1
DA:32,1
DA:36,1
DA:37,1
DA:38,1
DA:39,1
DA:40,1
LF:20
LH:20
end_of_record
SF:lib/data/models/tepisode_to_air_model.dart
DA:5,4
DA:35,1
DA:36,1
DA:37,1
DA:38,1
DA:39,1
DA:40,1
DA:41,1
DA:42,2
DA:43,1
DA:44,1
DA:45,1
DA:46,1
DA:47,1
DA:48,1
DA:49,1
DA:52,4
DA:53,2
DA:54,2
DA:55,2
DA:56,2
DA:57,2
DA:59,26
DA:60,2
DA:61,2
DA:62,2
DA:63,2
DA:64,2
DA:65,2
DA:66,2
DA:69,1
DA:70,1
DA:71,1
DA:72,1
DA:73,1
DA:74,1
DA:75,1
DA:76,1
DA:77,1
DA:78,1
DA:79,1
DA:80,1
DA:81,1
DA:82,1
DA:83,1
DA:87,1
DA:88,1
DA:89,1
DA:90,1
DA:91,1
DA:92,1
DA:93,1
DA:94,1
DA:95,1
DA:96,1
DA:97,1
DA:98,1
DA:99,1
DA:100,1
DA:101,1
LF:60
LH:60
end_of_record
SF:lib/data/repositories/movie_repository_impl.dart
DA:17,1
DA:22,1
DA:25,2
DA:26,5
DA:27,1
DA:29,1
DA:34,1
DA:37,2
DA:38,2
DA:39,1
DA:41,1
DA:46,1
DA:49,2
DA:50,3
DA:51,1
DA:53,1
DA:58,1
DA:61,2
DA:62,5
DA:63,1
DA:65,1
DA:70,1
DA:73,2
DA:74,5
DA:75,1
DA:77,1
DA:82,1
DA:85,2
DA:86,5
DA:87,1
DA:89,1
DA:94,1
DA:98,3
DA:99,1
DA:100,1
DA:101,3
DA:107,1
DA:111,3
DA:112,1
DA:113,1
DA:114,3
DA:118,1
DA:120,2
DA:124,1
DA:126,2
DA:127,5
LF:46
LH:46
end_of_record
SF:lib/data/repositories/tv_series_repository_impl.dart
DA:17,1
DA:22,1
DA:25,2
DA:26,5
DA:27,1
DA:29,1
DA:34,1
DA:37,2
DA:38,5
DA:39,1
DA:41,1
DA:46,1
DA:49,2
DA:50,5
DA:51,1
DA:53,1
DA:58,1
DA:61,2
DA:62,2
DA:63,1
DA:65,1
DA:70,1
DA:74,2
DA:75,3
DA:76,1
DA:78,1
DA:83,1
DA:85,2
DA:86,5
DA:89,1
DA:91,2
DA:95,1
DA:99,1
DA:100,2
DA:101,1
DA:102,1
DA:103,3
DA:107,1
DA:111,1
DA:112,2
DA:113,1
DA:114,1
DA:115,3
DA:121,1
DA:124,2
DA:125,5
DA:126,1
DA:128,1
LF:48
LH:48
end_of_record
SF:lib/domain/usecases/series/remove_watchlist_tv_series.dart
DA:9,1
DA:11,1
DA:12,2
LF:3
LH:3
end_of_record
SF:lib/domain/usecases/series/save_watchlist_tv_series.dart
DA:9,1
DA:11,1
DA:12,2
LF:3
LH:3
end_of_record
SF:lib/domain/usecases/series/search_tv_series.dart
DA:9,1
DA:11,1
DA:12,2
LF:3
LH:3
end_of_record
SF:lib/domain/usecases/series/get_watchlist_status_tv_series.dart
DA:6,1
DA:8,1
DA:9,2
LF:3
LH:3
end_of_record
SF:lib/domain/usecases/series/get_tv_series_detail.dart
DA:9,1
DA:11,1
DA:12,2
LF:3
LH:3
end_of_record
SF:lib/domain/usecases/series/get_tv_series_recommendations.dart
DA:9,1
DA:11,1
DA:12,2
LF:3
LH:3
end_of_record
SF:lib/domain/usecases/series/get_watchlist_tv_series.dart
DA:9,1
DA:11,1
DA:12,2
LF:3
LH:3
end_of_record
SF:lib/domain/usecases/series/get_top_rated_tv_series.dart
DA:9,1
DA:11,1
DA:12,2
LF:3
LH:3
end_of_record
SF:lib/domain/usecases/series/get_now_playing_tv_series.dart
DA:9,1
DA:11,1
DA:12,2
LF:3
LH:3
end_of_record
SF:lib/domain/usecases/series/get_popular_tv_series.dart
DA:9,1
DA:11,1
DA:12,2
LF:3
LH:3
end_of_record
SF:lib/domain/usecases/movies/get_movie_detail.dart
DA:9,1
DA:11,1
DA:12,2
LF:3
LH:3
end_of_record
SF:lib/domain/usecases/movies/get_top_rated_movies.dart
DA:9,1
DA:11,1
DA:12,2
LF:3
LH:3
end_of_record
SF:lib/domain/usecases/movies/save_watchlist.dart
DA:9,1
DA:11,1
DA:12,2
LF:3
LH:3
end_of_record
SF:lib/domain/usecases/movies/get_movie_recommendations.dart
DA:9,1
DA:11,1
DA:12,2
LF:3
LH:3
end_of_record
SF:lib/domain/usecases/movies/get_watchlist_movies.dart
DA:9,1
DA:11,1
DA:12,2
LF:3
LH:3
end_of_record
SF:lib/domain/usecases/movies/remove_watchlist.dart
DA:9,1
DA:11,1
DA:12,2
LF:3
LH:3
end_of_record
SF:lib/domain/usecases/movies/get_now_playing_movies.dart
DA:9,1
DA:11,1
DA:12,2
LF:3
LH:3
end_of_record
SF:lib/domain/usecases/movies/get_popular_movies.dart
DA:9,1
DA:11,1
DA:12,2
LF:3
LH:3
end_of_record
SF:lib/domain/usecases/movies/search_movies.dart
DA:9,1
DA:11,1
DA:12,2
LF:3
LH:3
end_of_record
SF:lib/domain/usecases/movies/get_watchlist_status.dart
DA:6,1
DA:8,1
DA:9,2
LF:3
LH:3
end_of_record
SF:lib/presentation/bloc/movies/top-rated/top_rated_movies_bloc.dart
DA:13,3
DA:14,1
DA:15,1
DA:16,2
DA:18,2
DA:20,1
DA:21,1
DA:22,3
DA:24,1
DA:25,2
LF:10
LH:10
end_of_record
SF:lib/presentation/bloc/movies/top-rated/top_rated_movies_event.dart
DA:4,2
LF:1
LH:1
end_of_record
SF:lib/presentation/bloc/movies/top-rated/top_rated_movies_state.dart
DA:4,4
DA:6,1
DA:7,1
DA:17,3
DA:19,1
DA:20,2
DA:26,2
DA:28,1
DA:29,2
LF:9
LH:9
end_of_record
SF:lib/presentation/pages/movies/top_rated_movies_page.dart
DA:9,1
DA:11,1
DA:12,1
DA:16,1
DA:18,1
DA:19,1
DA:20,5
DA:23,1
DA:25,1
DA:26,1
DA:29,1
DA:31,1
DA:32,1
DA:33,1
DA:37,1
DA:38,1
DA:39,1
DA:40,2
DA:41,1
DA:43,2
DA:45,1
DA:46,1
DA:48,2
LF:23
LH:23
end_of_record
SF:lib/presentation/bloc/movies/detail/movie_detail_state.dart
DA:4,3
DA:6,1
DA:7,1
DA:17,3
DA:19,1
DA:20,2
DA:26,3
DA:28,1
DA:29,2
LF:9
LH:9
end_of_record
SF:lib/presentation/bloc/movies/detail/movie_detail_event.dart
DA:5,2
DA:7,1
DA:8,2
LF:3
LH:3
end_of_record
SF:lib/presentation/bloc/movies/detail/movie_detail_bloc.dart
DA:12,3
DA:13,1
DA:14,1
DA:15,1
DA:17,2
DA:19,2
DA:21,1
DA:22,1
DA:23,3
DA:25,1
DA:26,2
LF:11
LH:11
end_of_record
SF:lib/presentation/bloc/movies/recommendation/movie_recommendation_state.dart
DA:4,4
DA:6,1
DA:7,1
DA:17,3
DA:19,1
DA:20,2
DA:26,2
DA:28,1
DA:29,2
LF:9
LH:9
end_of_record
SF:lib/presentation/bloc/movies/recommendation/movie_recommendation_bloc.dart
DA:13,1
DA:14,2
DA:15,2
DA:16,1
DA:18,2
DA:20,2
DA:22,1
DA:23,1
DA:24,3
DA:26,1
DA:27,2
LF:11
LH:11
end_of_record
SF:lib/presentation/bloc/movies/recommendation/movie_recommendation_event.dart
DA:5,2
DA:7,1
DA:8,2
LF:3
LH:3
end_of_record
SF:lib/presentation/bloc/movies/watchlist/watchlist_movies_bloc.dart
DA:20,1
DA:25,2
DA:26,1
DA:27,1
DA:28,2
DA:30,2
DA:32,1
DA:33,1
DA:34,3
DA:36,1
DA:37,1
DA:38,2
DA:40,2
DA:47,1
DA:48,1
DA:49,2
DA:51,3
DA:53,1
DA:54,1
DA:55,3
DA:57,1
DA:58,2
DA:62,4
DA:66,1
DA:67,1
DA:68,2
DA:70,3
DA:72,1
DA:73,1
DA:74,3
DA:76,1
DA:77,2
DA:81,4
DA:85,1
DA:86,1
DA:87,3
DA:88,2
LF:37
LH:37
end_of_record
SF:lib/presentation/bloc/movies/watchlist/watchlist_movies_state.dart
DA:4,3
DA:6,1
DA:7,1
DA:17,3
DA:19,1
DA:20,2
DA:26,1
DA:28,1
DA:29,2
DA:35,3
DA:37,1
DA:38,2
DA:44,3
DA:46,1
DA:47,2
LF:15
LH:15
end_of_record
SF:lib/presentation/bloc/movies/watchlist/watchlist_movies_event.dart
DA:6,1
DA:7,1
DA:13,2
DA:15,1
DA:16,2
DA:22,1
DA:24,1
DA:25,2
DA:31,2
DA:33,1
DA:34,2
LF:11
LH:11
end_of_record
SF:lib/presentation/pages/movies/movie_detail_page.dart
DA:16,1
DA:18,1
DA:19,1
DA:23,1
DA:25,1
DA:26,2
DA:27,6
DA:28,6
DA:29,1
DA:30,1
DA:31,4
DA:35,1
DA:37,1
DA:38,1
DA:39,1
DA:40,1
DA:44,1
DA:45,1
DA:46,2
DA:48,1
DA:49,2
DA:62,1
DA:64,1
DA:66,3
DA:67,1
DA:68,1
DA:69,1
DA:70,3
DA:72,1
DA:75,0
DA:77,1
DA:79,1
DA:80,1
DA:81,1
DA:91,1
DA:92,1
DA:93,1
DA:95,1
DA:97,1
DA:99,1
DA:100,1
DA:101,2
DA:102,1
DA:104,1
DA:106,1
DA:107,1
DA:108,2
DA:109,3
DA:110,1
DA:111,1
DA:113,1
DA:114,1
DA:115,2
DA:121,1
DA:122,1
DA:123,1
DA:124,1
DA:125,1
DA:127,0
DA:128,0
DA:131,1
DA:132,3
DA:136,1
DA:138,1
DA:139,1
DA:140,1
DA:141,1
DA:143,1
DA:144,1
DA:150,1
DA:151,3
DA:153,1
DA:154,3
DA:156,1
DA:157,1
DA:158,1
DA:159,3
DA:161,1
DA:167,4
DA:171,1
DA:173,1
DA:175,1
DA:176,2
DA:179,1
DA:181,1
DA:183,1
DA:185,1
DA:186,1
DA:191,1
DA:192,1
DA:194,1
DA:196,1
DA:197,2
DA:198,1
DA:200,1
DA:201,0
DA:202,0
DA:205,0
DA:208,1
DA:213,1
DA:215,2
DA:216,1
DA:222,0
DA:229,2
DA:232,1
DA:233,1
DA:234,2
DA:237,1
DA:247,1
DA:249,1
DA:264,1
DA:266,1
DA:269,1
DA:271,0
DA:272,0
LF:115
LH:106
end_of_record
SF:lib/common/constants.dart
DA:15,4
DA:16,2
DA:17,27
DA:19,0
DA:21,3
DA:25,0
DA:26,0
DA:27,0
DA:28,0
DA:29,0
LF:10
LH:4
end_of_record
SF:lib/common/utils.dart
DA:4,0
DA:6,2
DA:8,4
DA:9,6
DA:12,2
DA:16,6
DA:19,1
DA:20,1
DA:21,1
DA:23,1
DA:24,1
DA:26,0
LF:12
LH:10
end_of_record
SF:lib/presentation/widgets/movie_card_list.dart
DA:10,3
DA:12,3
DA:14,3
DA:16,3
DA:17,0
DA:18,0
DA:21,0
DA:24,3
DA:26,3
DA:27,3
DA:28,3
DA:34,3
DA:36,3
DA:37,3
DA:38,6
DA:41,3
DA:44,3
DA:45,6
DA:53,3
DA:58,3
DA:60,3
DA:61,9
DA:63,3
DA:66,0
LF:24
LH:20
end_of_record
SF:lib/presentation/bloc/series/detail/tv_series_detail_event.dart
DA:6,2
DA:8,1
DA:9,2
LF:3
LH:3
end_of_record
SF:lib/presentation/bloc/series/detail/tv_series_detail_state.dart
DA:4,4
DA:6,1
DA:7,1
DA:17,3
DA:19,1
DA:20,2
DA:26,2
DA:28,1
DA:29,2
LF:9
LH:9
end_of_record
SF:lib/presentation/bloc/series/detail/tv_series_detail_bloc.dart
DA:13,3
DA:14,1
DA:15,1
DA:16,1
DA:18,2
DA:20,2
DA:22,1
DA:23,1
DA:24,3
DA:26,1
DA:27,2
LF:11
LH:11
end_of_record
SF:lib/presentation/bloc/series/recommendation/tv_series_recommendation_state.dart
DA:4,4
DA:6,1
DA:7,1
DA:17,3
DA:19,1
DA:20,2
DA:26,3
DA:28,1
DA:29,2
LF:9
LH:9
end_of_record
SF:lib/presentation/bloc/series/recommendation/tv_series_recommendation_bloc.dart
DA:13,1
DA:14,2
DA:15,1
DA:16,1
DA:17,1
DA:19,2
DA:21,2
DA:23,1
DA:24,1
DA:25,3
DA:27,1
DA:28,1
DA:29,2
DA:31,2
LF:14
LH:14
end_of_record
SF:lib/presentation/bloc/series/recommendation/tv_series_recommendation_event.dart
DA:6,2
DA:8,1
DA:9,2
LF:3
LH:3
end_of_record
SF:lib/presentation/bloc/series/top-rated/top_rated_tv_series_bloc.dart
DA:13,1
DA:14,2
DA:15,1
DA:16,1
DA:17,2
DA:19,2
DA:21,1
DA:22,1
DA:23,3
DA:25,1
DA:26,1
DA:27,2
DA:29,2
LF:13
LH:13
end_of_record
SF:lib/presentation/bloc/series/top-rated/top_rated_tv_series_state.dart
DA:4,4
DA:6,1
DA:7,1
DA:17,3
DA:19,1
DA:20,2
DA:26,2
DA:28,1
DA:29,2
LF:9
LH:9
end_of_record
SF:lib/presentation/bloc/series/watchlist/watchlist_tv_series_event.dart
DA:6,1
DA:7,1
DA:13,2
DA:15,1
DA:16,2
DA:22,1
DA:24,1
DA:25,2
DA:31,2
DA:33,1
DA:34,2
LF:11
LH:11
end_of_record
SF:lib/presentation/bloc/series/watchlist/watchlist_tv_series_state.dart
DA:4,3
DA:6,1
DA:7,1
DA:17,3
DA:19,1
DA:20,2
DA:26,1
DA:28,1
DA:29,2
DA:35,3
DA:37,1
DA:38,2
DA:44,3
DA:46,1
DA:47,2
LF:15
LH:15
end_of_record
SF:lib/presentation/bloc/series/watchlist/watchlist_tv_series_bloc.dart
DA:20,1
DA:25,2
DA:26,1
DA:27,1
DA:28,2
DA:30,2
DA:32,1
DA:33,1
DA:34,3
DA:36,1
DA:37,1
DA:38,2
DA:40,2
DA:47,1
DA:48,1
DA:49,2
DA:51,3
DA:53,1
DA:54,1
DA:55,3
DA:57,1
DA:58,2
DA:62,4
DA:66,1
DA:67,1
DA:68,2
DA:70,3
DA:72,1
DA:73,1
DA:74,3
DA:76,1
DA:77,2
DA:81,4
DA:85,1
DA:86,1
DA:87,3
DA:88,2
LF:37
LH:37
end_of_record
SF:lib/presentation/pages/series/top_rated_tv_series_page.dart
DA:9,1
DA:11,1
DA:12,1
DA:16,1
DA:18,1
DA:19,2
DA:20,4
DA:23,1
DA:25,1
DA:26,1
DA:29,1
DA:31,1
DA:32,1
DA:33,1
DA:37,1
DA:38,1
DA:39,1
DA:40,2
DA:41,1
DA:43,2
DA:45,1
DA:46,1
DA:48,2
DA:51,1
LF:24
LH:24
end_of_record
SF:lib/presentation/widgets/tv_series_card.dart
DA:10,3
DA:12,3
DA:14,3
DA:16,3
DA:17,0
DA:18,0
DA:21,0
DA:24,3
DA:26,3
DA:27,3
DA:28,3
DA:34,3
DA:36,3
DA:37,3
DA:38,6
DA:41,3
DA:44,3
DA:45,6
DA:53,3
DA:58,3
DA:60,3
DA:61,9
DA:63,3
DA:66,0
LF:24
LH:20
end_of_record
SF:lib/presentation/pages/series/tv_series_detail_page.dart
DA:16,1
DA:18,1
DA:19,1
DA:23,1
DA:25,1
DA:26,2
DA:27,6
DA:28,1
DA:29,1
DA:30,4
DA:31,6
DA:35,1
DA:37,1
DA:38,1
DA:39,1
DA:40,1
DA:44,1
DA:45,1
DA:46,1
DA:47,1
DA:49,1
DA:50,2
DA:63,1
DA:65,1
DA:67,1
DA:68,1
DA:69,1
DA:70,3
DA:71,3
DA:72,1
DA:75,0
DA:77,1
DA:79,1
DA:80,1
DA:81,1
DA:91,1
DA:92,1
DA:93,1
DA:95,1
DA:97,1
DA:99,1
DA:100,1
DA:101,2
DA:102,1
DA:104,1
DA:106,1
DA:107,1
DA:108,2
DA:109,3
DA:110,1
DA:111,1
DA:113,1
DA:114,1
DA:115,2
DA:121,1
DA:122,1
DA:123,1
DA:124,1
DA:125,1
DA:127,0
DA:128,0
DA:131,1
DA:132,3
DA:136,1
DA:138,1
DA:139,1
DA:140,1
DA:141,1
DA:143,1
DA:144,1
DA:150,1
DA:151,3
DA:153,1
DA:154,1
DA:155,1
DA:156,3
DA:158,1
DA:164,4
DA:168,1
DA:170,1
DA:172,1
DA:173,2
DA:176,1
DA:178,1
DA:181,1
DA:182,3
DA:184,1
DA:186,1
DA:187,1
DA:191,1
DA:193,3
DA:194,1
DA:198,0
DA:203,1
DA:204,1
DA:207,1
DA:208,2
DA:209,1
DA:210,5
DA:211,1
DA:213,0
DA:214,0
DA:215,0
DA:218,1
DA:221,1
DA:222,2
DA:223,1
DA:227,1
DA:228,1
DA:232,1
DA:239,1
DA:240,4
DA:243,0
DA:247,0
DA:248,0
DA:252,0
DA:259,0
DA:260,0
DA:264,1
DA:270,2
DA:271,1
DA:272,5
DA:273,1
DA:275,0
DA:276,0
DA:277,0
DA:289,1
DA:291,1
DA:293,1
DA:295,1
DA:296,1
DA:301,1
DA:302,2
DA:304,1
DA:305,1
DA:307,1
DA:309,1
DA:310,2
DA:311,1
DA:313,1
DA:314,0
DA:315,0
DA:318,0
DA:321,1
DA:326,1
DA:328,2
DA:329,1
DA:335,0
DA:342,2
DA:346,1
DA:356,1
DA:358,1
DA:371,1
DA:373,1
DA:376,1
DA:378,0
LF:156
LH:135
end_of_record
SF:lib/presentation/bloc/series/popular/popular_tv_series_state.dart
DA:4,4
DA:6,1
DA:7,1
DA:17,3
DA:19,1
DA:20,2
DA:26,2
DA:28,1
DA:29,2
LF:9
LH:9
end_of_record
SF:lib/presentation/bloc/series/popular/popular_tv_series_bloc.dart
DA:13,1
DA:14,2
DA:15,1
DA:16,1
DA:17,2
DA:19,2
DA:21,1
DA:22,1
DA:23,3
DA:25,1
DA:26,1
DA:27,2
DA:29,2
LF:13
LH:13
end_of_record
SF:lib/presentation/pages/series/popular_tv_series_page.dart
DA:9,1
DA:11,1
DA:12,1
DA:16,1
DA:18,1
DA:19,1
DA:20,5
DA:23,1
DA:25,1
DA:26,1
DA:29,1
DA:31,1
DA:32,1
DA:33,1
DA:37,1
DA:38,1
DA:39,1
DA:40,2
DA:41,1
DA:43,2
DA:45,1
DA:46,1
DA:48,2
DA:51,1
LF:24
LH:24
end_of_record
SF:lib/presentation/bloc/movies/popular/popular_movies_state.dart
DA:4,4
DA:6,1
DA:7,1
DA:17,3
DA:19,1
DA:20,2
DA:26,2
DA:28,1
DA:29,2
LF:9
LH:9
end_of_record
SF:lib/presentation/bloc/movies/popular/popular_movies_bloc.dart
DA:12,3
DA:13,1
DA:14,1
DA:15,2
DA:17,2
DA:19,1
DA:20,1
DA:21,3
DA:23,1
DA:24,1
DA:25,2
DA:27,2
LF:12
LH:12
end_of_record
SF:lib/presentation/bloc/movies/popular/popular_movies_event.dart
DA:4,2
LF:1
LH:1
end_of_record
SF:lib/presentation/pages/movies/popular_movies_page.dart
DA:9,1
DA:11,1
DA:12,1
DA:16,1
DA:18,1
DA:19,1
DA:20,5
DA:23,1
DA:25,1
DA:26,1
DA:29,1
DA:31,1
DA:32,1
DA:33,1
DA:37,1
DA:38,1
DA:39,1
DA:40,2
DA:41,1
DA:43,2
DA:45,1
DA:50,1
DA:51,1
DA:53,2
DA:56,1
LF:25
LH:25
end_of_record
SF:lib/presentation/widgets/sub_heading.dart
DA:8,1
DA:13,1
DA:15,1
DA:17,1
DA:18,1
DA:19,1
DA:20,1
DA:22,1
DA:23,1
LF:9
LH:9
end_of_record
SF:lib/presentation/bloc/series/now-playing/now_playing_tv_series_bloc.dart
DA:13,1
DA:14,2
DA:15,1
DA:16,1
DA:17,2
DA:19,2
DA:21,1
DA:22,1
DA:23,3
DA:25,1
DA:26,1
DA:27,2
DA:29,2
LF:13
LH:13
end_of_record
SF:lib/presentation/bloc/series/now-playing/now_playing_tv_series_state.dart
DA:4,2
DA:6,1
DA:7,1
DA:17,2
DA:19,1
DA:20,2
DA:26,1
DA:28,1
DA:29,2
LF:9
LH:9
end_of_record
SF:lib/presentation/bloc/series/search/tv_series_search_state.dart
DA:4,2
DA:6,1
DA:7,1
DA:19,2
DA:21,1
DA:22,2
DA:28,1
DA:30,1
DA:31,2
LF:9
LH:9
end_of_record
SF:lib/presentation/bloc/series/search/tv_series_search_event.dart
DA:5,1
DA:7,1
DA:8,2
LF:3
LH:3
end_of_record
SF:lib/presentation/bloc/series/search/tv_series_search_bloc.dart
DA:13,3
DA:14,1
DA:15,1
DA:16,2
DA:17,1
DA:19,2
DA:21,2
DA:23,1
DA:24,1
DA:25,3
DA:27,1
DA:28,1
DA:29,2
DA:31,2
DA:36,2
DA:39,1
DA:45,1
DA:46,3
LF:18
LH:18
end_of_record
SF:lib/presentation/bloc/movies/search/movie_search_state.dart
DA:4,2
DA:6,1
DA:7,1
DA:17,2
DA:19,1
DA:20,2
DA:26,1
DA:28,1
DA:29,2
LF:9
LH:9
end_of_record
SF:lib/presentation/bloc/movies/search/movie_search_bloc.dart
DA:13,3
DA:14,1
DA:15,1
DA:16,1
DA:18,2
DA:20,2
DA:22,1
DA:23,1
DA:24,3
DA:26,1
DA:27,2
DA:31,1
DA:37,1
DA:38,3
LF:14
LH:14
end_of_record
SF:lib/presentation/bloc/movies/search/movie_search_event.dart
DA:5,1
DA:7,1
DA:8,2
LF:3
LH:3
end_of_record
SF:lib/presentation/bloc/movies/now-playing/now_playing_movies_state.dart
DA:4,2
DA:6,1
DA:7,1
DA:17,2
DA:19,1
DA:20,2
DA:26,1
DA:28,1
DA:29,2
LF:9
LH:9
end_of_record
SF:lib/presentation/bloc/movies/now-playing/now_playing_movies_bloc.dart
DA:13,1
DA:14,2
DA:15,1
DA:16,1
DA:17,2
DA:19,2
DA:21,1
DA:22,1
DA:23,3
DA:25,1
DA:26,2
LF:11
LH:11
end_of_record
